{"/Users/ben.segni/Documents/dev/profiles/src/app.module.ts": {"path":"/Users/ben.segni/Documents/dev/profiles/src/app.module.ts","statementMap":{"0":{"start":{"line":1,"column":0},"end":{"line":1,"column":40}},"1":{"start":{"line":2,"column":0},"end":{"line":2,"column":60}},"2":{"start":{"line":3,"column":0},"end":{"line":3,"column":54}},"3":{"start":{"line":8,"column":22},"end":{"line":8,"column":null}},"4":{"start":{"line":8,"column":13},"end":{"line":8,"column":null}}},"fnMap":{},"branchMap":{},"s":{"0":0,"1":0,"2":0,"3":0,"4":0},"f":{},"b":{}}
,"/Users/ben.segni/Documents/dev/profiles/src/main.ts": {"path":"/Users/ben.segni/Documents/dev/profiles/src/main.ts","statementMap":{"0":{"start":{"line":1,"column":0},"end":{"line":1,"column":43}},"1":{"start":{"line":2,"column":0},"end":{"line":2,"column":41}},"2":{"start":{"line":5,"column":14},"end":{"line":5,"column":49}},"3":{"start":{"line":6,"column":2},"end":{"line":6,"column":25}},"4":{"start":{"line":8,"column":0},"end":{"line":8,"column":12}}},"fnMap":{"0":{"name":"bootstrap","decl":{"start":{"line":4,"column":15},"end":{"line":4,"column":24}},"loc":{"start":{"line":4,"column":24},"end":{"line":7,"column":1}}}},"branchMap":{},"s":{"0":0,"1":0,"2":0,"3":0,"4":0},"f":{"0":0},"b":{}}
,"/Users/ben.segni/Documents/dev/profiles/src/global/global.constants.ts": {"path":"/Users/ben.segni/Documents/dev/profiles/src/global/global.constants.ts","statementMap":{"0":{"start":{"line":1,"column":13},"end":{"line":1,"column":61}}},"fnMap":{},"branchMap":{},"s":{"0":3},"f":{},"b":{}}
,"/Users/ben.segni/Documents/dev/profiles/src/profiles/profiles.controller.ts": {"path":"/Users/ben.segni/Documents/dev/profiles/src/profiles/profiles.controller.ts","statementMap":{"0":{"start":{"line":1,"column":0},"end":{"line":1,"column":56}},"1":{"start":{"line":2,"column":0},"end":{"line":2,"column":34}},"2":{"start":{"line":3,"column":0},"end":{"line":3,"column":53}},"3":{"start":{"line":7,"column":31},"end":{"line":35,"column":null}},"4":{"start":{"line":8,"column":38},"end":{"line":8,"column":56}},"5":{"start":{"line":21,"column":4},"end":{"line":21,"column":53}},"6":{"start":{"line":26,"column":4},"end":{"line":26,"column":48}},"7":{"start":{"line":33,"column":4},"end":{"line":33,"column":57}},"8":{"start":{"line":20,"column":9},"end":{"line":22,"column":null}},"9":{"start":{"line":25,"column":9},"end":{"line":27,"column":null}},"10":{"start":{"line":30,"column":9},"end":{"line":34,"column":null}},"11":{"start":{"line":7,"column":13},"end":{"line":35,"column":null}}},"fnMap":{"0":{"name":"(anonymous_4)","decl":{"start":{"line":8,"column":2},"end":{"line":8,"column":38}},"loc":{"start":{"line":8,"column":71},"end":{"line":8,"column":75}}},"1":{"name":"(anonymous_5)","decl":{"start":{"line":20,"column":9},"end":{"line":20,"column":24}},"loc":{"start":{"line":20,"column":24},"end":{"line":22,"column":3}}},"2":{"name":"(anonymous_6)","decl":{"start":{"line":25,"column":9},"end":{"line":25,"column":33}},"loc":{"start":{"line":25,"column":33},"end":{"line":27,"column":3}}},"3":{"name":"(anonymous_7)","decl":{"start":{"line":30,"column":9},"end":{"line":30,"column":35}},"loc":{"start":{"line":31,"column":27},"end":{"line":34,"column":3}}}},"branchMap":{},"s":{"0":1,"1":1,"2":1,"3":1,"4":3,"5":1,"6":1,"7":1,"8":1,"9":1,"10":1,"11":1},"f":{"0":3,"1":1,"2":1,"3":1},"b":{}}
,"/Users/ben.segni/Documents/dev/profiles/src/profiles/profiles.module.ts": {"path":"/Users/ben.segni/Documents/dev/profiles/src/profiles/profiles.module.ts","statementMap":{"0":{"start":{"line":1,"column":0},"end":{"line":1,"column":40}},"1":{"start":{"line":2,"column":0},"end":{"line":2,"column":53}},"2":{"start":{"line":3,"column":0},"end":{"line":3,"column":59}},"3":{"start":{"line":4,"column":0},"end":{"line":4,"column":56}},"4":{"start":{"line":11,"column":27},"end":{"line":11,"column":null}},"5":{"start":{"line":11,"column":13},"end":{"line":11,"column":null}}},"fnMap":{},"branchMap":{},"s":{"0":0,"1":0,"2":0,"3":0,"4":0,"5":0},"f":{},"b":{}}
,"/Users/ben.segni/Documents/dev/profiles/src/profiles/profiles.service.ts": {"path":"/Users/ben.segni/Documents/dev/profiles/src/profiles/profiles.service.ts","statementMap":{"0":{"start":{"line":1,"column":0},"end":{"line":1,"column":44}},"1":{"start":{"line":2,"column":0},"end":{"line":2,"column":54}},"2":{"start":{"line":3,"column":0},"end":{"line":3,"column":52}},"3":{"start":{"line":4,"column":0},"end":{"line":4,"column":78}},"4":{"start":{"line":5,"column":0},"end":{"line":5,"column":57}},"5":{"start":{"line":8,"column":28},"end":{"line":38,"column":null}},"6":{"start":{"line":9,"column":31},"end":{"line":9,"column":47}},"7":{"start":{"line":11,"column":4},"end":{"line":13,"column":6}},"8":{"start":{"line":12,"column":20},"end":{"line":12,"column":57}},"9":{"start":{"line":17,"column":4},"end":{"line":21,"column":6}},"10":{"start":{"line":19,"column":8},"end":{"line":19,"column":73}},"11":{"start":{"line":25,"column":4},"end":{"line":29,"column":6}},"12":{"start":{"line":27,"column":8},"end":{"line":27,"column":48}},"13":{"start":{"line":36,"column":4},"end":{"line":36,"column":61}},"14":{"start":{"line":36,"column":43},"end":{"line":36,"column":59}},"15":{"start":{"line":8,"column":13},"end":{"line":38,"column":null}}},"fnMap":{"0":{"name":"(anonymous_2)","decl":{"start":{"line":9,"column":2},"end":{"line":9,"column":31}},"loc":{"start":{"line":9,"column":60},"end":{"line":9,"column":64}}},"1":{"name":"(anonymous_3)","decl":{"start":{"line":10,"column":9},"end":{"line":10,"column":26}},"loc":{"start":{"line":10,"column":26},"end":{"line":14,"column":3}}},"2":{"name":"(anonymous_4)","decl":{"start":{"line":12,"column":10},"end":{"line":12,"column":11}},"loc":{"start":{"line":12,"column":20},"end":{"line":12,"column":57}}},"3":{"name":"(anonymous_5)","decl":{"start":{"line":16,"column":9},"end":{"line":16,"column":21}},"loc":{"start":{"line":16,"column":21},"end":{"line":22,"column":3}}},"4":{"name":"(anonymous_6)","decl":{"start":{"line":18,"column":16},"end":{"line":18,"column":17}},"loc":{"start":{"line":19,"column":8},"end":{"line":19,"column":73}}},"5":{"name":"(anonymous_7)","decl":{"start":{"line":24,"column":9},"end":{"line":24,"column":28}},"loc":{"start":{"line":24,"column":39},"end":{"line":30,"column":3}}},"6":{"name":"(anonymous_8)","decl":{"start":{"line":26,"column":10},"end":{"line":26,"column":11}},"loc":{"start":{"line":27,"column":8},"end":{"line":27,"column":48}}},"7":{"name":"(anonymous_9)","decl":{"start":{"line":32,"column":10},"end":{"line":32,"column":26}},"loc":{"start":{"line":34,"column":36},"end":{"line":37,"column":3}}},"8":{"name":"(anonymous_10)","decl":{"start":{"line":36,"column":30},"end":{"line":36,"column":31}},"loc":{"start":{"line":36,"column":43},"end":{"line":36,"column":59}}}},"branchMap":{},"s":{"0":1,"1":1,"2":1,"3":1,"4":1,"5":1,"6":3,"7":0,"8":0,"9":0,"10":0,"11":0,"12":0,"13":0,"14":0,"15":1},"f":{"0":3,"1":0,"2":0,"3":0,"4":0,"5":0,"6":0,"7":0,"8":0},"b":{}}
,"/Users/ben.segni/Documents/dev/profiles/src/profiles/data/leighton-data.ts": {"path":"/Users/ben.segni/Documents/dev/profiles/src/profiles/data/leighton-data.ts","statementMap":{"0":{"start":{"line":1,"column":13},"end":{"line":138,"column":2}}},"fnMap":{},"branchMap":{},"s":{"0":1},"f":{},"b":{}}
,"/Users/ben.segni/Documents/dev/profiles/src/profiles/mocks/leighton.mock.ts": {"path":"/Users/ben.segni/Documents/dev/profiles/src/profiles/mocks/leighton.mock.ts","statementMap":{"0":{"start":{"line":3,"column":13},"end":{"line":138,"column":2}}},"fnMap":{},"branchMap":{},"s":{"0":1},"f":{},"b":{}}
,"/Users/ben.segni/Documents/dev/profiles/src/profiles/models/leighton.ts": {"path":"/Users/ben.segni/Documents/dev/profiles/src/profiles/models/leighton.ts","statementMap":{"0":{"start":{"line":2,"column":0},"end":{"line":2,"column":48}},"1":{"start":{"line":51,"column":4},"end":{"line":58,"column":6}},"2":{"start":{"line":62,"column":4},"end":{"line":73,"column":6}},"3":{"start":{"line":77,"column":4},"end":{"line":77,"column":40}},"4":{"start":{"line":77,"column":30},"end":{"line":77,"column":40}},"5":{"start":{"line":78,"column":4},"end":{"line":78,"column":47}},"6":{"start":{"line":82,"column":4},"end":{"line":85,"column":6}},"7":{"start":{"line":89,"column":4},"end":{"line":89,"column":40}},"8":{"start":{"line":89,"column":30},"end":{"line":89,"column":40}},"9":{"start":{"line":90,"column":4},"end":{"line":90,"column":48}},"10":{"start":{"line":94,"column":4},"end":{"line":97,"column":6}},"11":{"start":{"line":101,"column":4},"end":{"line":107,"column":null}},"12":{"start":{"line":102,"column":6},"end":{"line":102,"column":36}},"13":{"start":{"line":103,"column":11},"end":{"line":107,"column":null}},"14":{"start":{"line":104,"column":6},"end":{"line":104,"column":39}},"15":{"start":{"line":106,"column":6},"end":{"line":106,"column":36}},"16":{"start":{"line":111,"column":4},"end":{"line":111,"column":50}},"17":{"start":{"line":115,"column":4},"end":{"line":115,"column":39}},"18":{"start":{"line":119,"column":4},"end":{"line":119,"column":39}},"19":{"start":{"line":49,"column":0},"end":{"line":49,"column":13}}},"fnMap":{"0":{"name":"(anonymous_0)","decl":{"start":{"line":50,"column":9},"end":{"line":50,"column":15}},"loc":{"start":{"line":50,"column":37},"end":{"line":59,"column":3}}},"1":{"name":"(anonymous_1)","decl":{"start":{"line":61,"column":10},"end":{"line":61,"column":16}},"loc":{"start":{"line":61,"column":37},"end":{"line":74,"column":3}}},"2":{"name":"(anonymous_2)","decl":{"start":{"line":76,"column":10},"end":{"line":76,"column":16}},"loc":{"start":{"line":76,"column":42},"end":{"line":79,"column":3}}},"3":{"name":"(anonymous_3)","decl":{"start":{"line":81,"column":10},"end":{"line":81,"column":16}},"loc":{"start":{"line":81,"column":38},"end":{"line":86,"column":3}}},"4":{"name":"(anonymous_4)","decl":{"start":{"line":88,"column":10},"end":{"line":88,"column":16}},"loc":{"start":{"line":88,"column":44},"end":{"line":91,"column":3}}},"5":{"name":"(anonymous_5)","decl":{"start":{"line":93,"column":10},"end":{"line":93,"column":16}},"loc":{"start":{"line":93,"column":38},"end":{"line":98,"column":3}}},"6":{"name":"(anonymous_6)","decl":{"start":{"line":100,"column":10},"end":{"line":100,"column":16}},"loc":{"start":{"line":100,"column":50},"end":{"line":108,"column":3}}},"7":{"name":"(anonymous_7)","decl":{"start":{"line":110,"column":10},"end":{"line":110,"column":16}},"loc":{"start":{"line":110,"column":37},"end":{"line":112,"column":3}}},"8":{"name":"(anonymous_8)","decl":{"start":{"line":114,"column":10},"end":{"line":114,"column":16}},"loc":{"start":{"line":114,"column":44},"end":{"line":116,"column":3}}},"9":{"name":"(anonymous_9)","decl":{"start":{"line":118,"column":10},"end":{"line":118,"column":16}},"loc":{"start":{"line":118,"column":46},"end":{"line":120,"column":3}}}},"branchMap":{"0":{"loc":{"start":{"line":77,"column":4},"end":{"line":77,"column":40}},"type":"if","locations":[{"start":{"line":77,"column":4},"end":{"line":77,"column":40}}]},"1":{"loc":{"start":{"line":89,"column":4},"end":{"line":89,"column":40}},"type":"if","locations":[{"start":{"line":89,"column":4},"end":{"line":89,"column":40}}]},"2":{"loc":{"start":{"line":101,"column":4},"end":{"line":107,"column":null}},"type":"if","locations":[{"start":{"line":101,"column":4},"end":{"line":107,"column":null}},{"start":{"line":103,"column":11},"end":{"line":107,"column":null}}]},"3":{"loc":{"start":{"line":103,"column":11},"end":{"line":107,"column":null}},"type":"if","locations":[{"start":{"line":103,"column":11},"end":{"line":107,"column":null}},{"start":{"line":105,"column":11},"end":{"line":107,"column":null}}]},"4":{"loc":{"start":{"line":103,"column":15},"end":{"line":103,"column":35}},"type":"binary-expr","locations":[{"start":{"line":103,"column":15},"end":{"line":103,"column":23}},{"start":{"line":103,"column":27},"end":{"line":103,"column":35}}]}},"s":{"0":1,"1":0,"2":0,"3":0,"4":0,"5":0,"6":0,"7":0,"8":0,"9":0,"10":0,"11":0,"12":0,"13":0,"14":0,"15":0,"16":0,"17":0,"18":0,"19":1},"f":{"0":0,"1":0,"2":0,"3":0,"4":0,"5":0,"6":0,"7":0,"8":0,"9":0},"b":{"0":[0],"1":[0],"2":[0,0],"3":[0,0],"4":[0,0]}}
,"/Users/ben.segni/Documents/dev/profiles/src/profiles/models/weight.enum.ts": {"path":"/Users/ben.segni/Documents/dev/profiles/src/profiles/models/weight.enum.ts","statementMap":{"0":{"start":{"line":1,"column":0},"end":{"line":1,"column":null}},"1":{"start":{"line":2,"column":2},"end":{"line":2,"column":null}},"2":{"start":{"line":3,"column":2},"end":{"line":3,"column":null}},"3":{"start":{"line":4,"column":2},"end":{"line":4,"column":null}}},"fnMap":{"0":{"name":"(anonymous_0)","decl":{"start":{"line":1,"column":0},"end":{"line":1,"column":12}},"loc":{"start":{"line":1,"column":27},"end":{"line":5,"column":1}}}},"branchMap":{"0":{"loc":{"start":{"line":1,"column":12},"end":{"line":1,"column":null}},"type":"binary-expr","locations":[{"start":{"line":1,"column":12},"end":{"line":1,"column":27}},{"start":{"line":1,"column":27},"end":{"line":1,"column":null}}]}},"s":{"0":1,"1":1,"2":1,"3":1},"f":{"0":1},"b":{"0":[1,1]}}
,"/Users/ben.segni/Documents/dev/profiles/src/quotes/quotes.controller.ts": {"path":"/Users/ben.segni/Documents/dev/profiles/src/quotes/quotes.controller.ts","statementMap":{"0":{"start":{"line":1,"column":0},"end":{"line":1,"column":49}},"1":{"start":{"line":2,"column":0},"end":{"line":2,"column":49}},"2":{"start":{"line":6,"column":29},"end":{"line":12,"column":null}},"3":{"start":{"line":7,"column":31},"end":{"line":7,"column":47}},"4":{"start":{"line":10,"column":4},"end":{"line":10,"column":43}},"5":{"start":{"line":9,"column":9},"end":{"line":11,"column":null}},"6":{"start":{"line":6,"column":13},"end":{"line":12,"column":null}}},"fnMap":{"0":{"name":"(anonymous_2)","decl":{"start":{"line":7,"column":2},"end":{"line":7,"column":31}},"loc":{"start":{"line":7,"column":60},"end":{"line":7,"column":64}}},"1":{"name":"(anonymous_3)","decl":{"start":{"line":9,"column":9},"end":{"line":9,"column":18}},"loc":{"start":{"line":9,"column":18},"end":{"line":11,"column":3}}}},"branchMap":{},"s":{"0":1,"1":1,"2":1,"3":1,"4":0,"5":1,"6":1},"f":{"0":1,"1":0},"b":{}}
,"/Users/ben.segni/Documents/dev/profiles/src/quotes/quotes.module.ts": {"path":"/Users/ben.segni/Documents/dev/profiles/src/quotes/quotes.module.ts","statementMap":{"0":{"start":{"line":1,"column":0},"end":{"line":1,"column":40}},"1":{"start":{"line":2,"column":0},"end":{"line":2,"column":55}},"2":{"start":{"line":3,"column":0},"end":{"line":3,"column":49}},"3":{"start":{"line":4,"column":0},"end":{"line":4,"column":43}},"4":{"start":{"line":12,"column":25},"end":{"line":12,"column":null}},"5":{"start":{"line":12,"column":13},"end":{"line":12,"column":null}}},"fnMap":{},"branchMap":{},"s":{"0":0,"1":0,"2":0,"3":0,"4":0,"5":0},"f":{},"b":{}}
,"/Users/ben.segni/Documents/dev/profiles/src/quotes/quotes.service.ts": {"path":"/Users/ben.segni/Documents/dev/profiles/src/quotes/quotes.service.ts","statementMap":{"0":{"start":{"line":1,"column":0},"end":{"line":1,"column":44}},"1":{"start":{"line":2,"column":0},"end":{"line":2,"column":44}},"2":{"start":{"line":4,"column":0},"end":{"line":4,"column":68}},"3":{"start":{"line":5,"column":0},"end":{"line":5,"column":60}},"4":{"start":{"line":7,"column":0},"end":{"line":7,"column":60}},"5":{"start":{"line":10,"column":26},"end":{"line":45,"column":null}},"6":{"start":{"line":18,"column":29},"end":{"line":18,"column":43}},"7":{"start":{"line":11,"column":9},"end":{"line":17,"column":4}},"8":{"start":{"line":12,"column":4},"end":{"line":15,"column":null}},"9":{"start":{"line":14,"column":8},"end":{"line":14,"column":58}},"10":{"start":{"line":21,"column":21},"end":{"line":22,"column":null}},"11":{"start":{"line":24,"column":4},"end":{"line":24,"column":16}},"12":{"start":{"line":30,"column":4},"end":{"line":43,"column":6}},"13":{"start":{"line":32,"column":8},"end":{"line":40,"column":null}},"14":{"start":{"line":33,"column":10},"end":{"line":40,"column":26}},"15":{"start":{"line":37,"column":29},"end":{"line":37,"column":74}},"16":{"start":{"line":10,"column":13},"end":{"line":45,"column":null}}},"fnMap":{"0":{"name":"(anonymous_2)","decl":{"start":{"line":18,"column":2},"end":{"line":18,"column":29}},"loc":{"start":{"line":18,"column":54},"end":{"line":18,"column":58}}},"1":{"name":"(anonymous_3)","decl":{"start":{"line":11,"column":46},"end":{"line":11,"column":49}},"loc":{"start":{"line":12,"column":4},"end":{"line":15,"column":null}}},"2":{"name":"(anonymous_4)","decl":{"start":{"line":13,"column":10},"end":{"line":13,"column":11}},"loc":{"start":{"line":14,"column":8},"end":{"line":14,"column":58}}},"3":{"name":"(anonymous_5)","decl":{"start":{"line":20,"column":9},"end":{"line":20,"column":14}},"loc":{"start":{"line":20,"column":24},"end":{"line":25,"column":3}}},"4":{"name":"(anonymous_6)","decl":{"start":{"line":27,"column":9},"end":{"line":27,"column":44}},"loc":{"start":{"line":28,"column":33},"end":{"line":44,"column":3}}},"5":{"name":"(anonymous_7)","decl":{"start":{"line":31,"column":10},"end":{"line":31,"column":11}},"loc":{"start":{"line":32,"column":8},"end":{"line":40,"column":null}}},"6":{"name":"(anonymous_8)","decl":{"start":{"line":32,"column":46},"end":{"line":32,"column":47}},"loc":{"start":{"line":33,"column":10},"end":{"line":40,"column":26}}},"7":{"name":"(anonymous_9)","decl":{"start":{"line":37,"column":18},"end":{"line":37,"column":19}},"loc":{"start":{"line":37,"column":29},"end":{"line":37,"column":74}}}},"branchMap":{"0":{"loc":{"start":{"line":33,"column":10},"end":{"line":40,"column":26}},"type":"cond-expr","locations":[{"start":{"line":34,"column":14},"end":{"line":39,"column":null}},{"start":{"line":40,"column":14},"end":{"line":40,"column":26}}]}},"s":{"0":3,"1":3,"2":3,"3":3,"4":3,"5":3,"6":5,"7":5,"8":0,"9":0,"10":0,"11":0,"12":0,"13":0,"14":0,"15":0,"16":3},"f":{"0":5,"1":0,"2":0,"3":0,"4":0,"5":0,"6":0,"7":0},"b":{"0":[0,0]}}
,"/Users/ben.segni/Documents/dev/profiles/src/quotes/models/quote.ts": {"path":"/Users/ben.segni/Documents/dev/profiles/src/quotes/models/quote.ts","statementMap":{"0":{"start":{"line":12,"column":4},"end":{"line":15,"column":6}},"1":{"start":{"line":19,"column":4},"end":{"line":19,"column":40}},"2":{"start":{"line":19,"column":30},"end":{"line":19,"column":40}},"3":{"start":{"line":20,"column":4},"end":{"line":20,"column":60}},"4":{"start":{"line":20,"column":31},"end":{"line":20,"column":58}},"5":{"start":{"line":10,"column":0},"end":{"line":10,"column":13}}},"fnMap":{"0":{"name":"(anonymous_0)","decl":{"start":{"line":11,"column":9},"end":{"line":11,"column":15}},"loc":{"start":{"line":11,"column":34},"end":{"line":16,"column":3}}},"1":{"name":"(anonymous_1)","decl":{"start":{"line":18,"column":9},"end":{"line":18,"column":15}},"loc":{"start":{"line":18,"column":41},"end":{"line":21,"column":3}}},"2":{"name":"(anonymous_2)","decl":{"start":{"line":20,"column":20},"end":{"line":20,"column":21}},"loc":{"start":{"line":20,"column":31},"end":{"line":20,"column":58}}}},"branchMap":{"0":{"loc":{"start":{"line":19,"column":4},"end":{"line":19,"column":40}},"type":"if","locations":[{"start":{"line":19,"column":4},"end":{"line":19,"column":40}}]}},"s":{"0":0,"1":0,"2":0,"3":0,"4":0,"5":3},"f":{"0":0,"1":0,"2":0},"b":{"0":[0]}}
}
